<?xml version="1.0" encoding="UTF-8"?>
<!-- Generated by org.testng.reporters.JUnitReportReporter -->
<testsuite hostname="IN-BLROCT10" name="com.workshop.KPMG_Workshop" tests="1" failures="0" timestamp="31 Mar 2018 12:17:47 GMT" time="50.862" errors="1">
  <testcase name="f" time="50.862" classname="com.workshop.KPMG_Workshop">
    <error type="org.openqa.selenium.WebDriverException" message="Failed to connect to binary FirefoxBinary(C:\Program Files (x86)\Mozilla Firefox\firefox.exe) on port 7055; process output follows: 
2498621632	addons.manager	DEBUG	Provider finished startup: LightweightThemeManager
1522498621634	addons.manager	DEBUG	Starting provider: GMPProvider
1522498621686	addons.manager	DEBUG	Registering shutdown blocker for GMPProvider
1522498621686	addons.manager	DEBUG	Provider finished startup: GMPProvider
1522498621688	addons.manager	DEBUG	Starting provider: PluginProvider
1522498621688	addons.manager	DEBUG	Registering shutdown blocker for PluginProvider
1522498621688	addons.manager	DEBUG	Provider finished startup: PluginProvider
1522498621690	addons.manager	DEBUG	Completed startup sequence
1522498624862	addons.repository	DEBUG	No addons.json found.
1522498624884	addons.manager	DEBUG	Starting provider: PreviousExperimentProvider
1522498624884	addons.manager	DEBUG	Registering shutdown blocker for PreviousExperimentProvider
1522498624884	addons.manager	DEBUG	Provider finished startup: PreviousExperimentProvider
1522498625350	addons.xpi	INFO	Mapping fxdriver@googlecode.com to C:\Users\KPMG\AppData\Local\Temp\anonymous8471627874046824258webdriver-profile\extensions\fxdriver@googlecode.com
1522498625350	addons.xpi	DEBUG	Ignoring file entry whose name is not a valid add-on ID: C:\Users\KPMG\AppData\Local\Temp\anonymous8471627874046824258webdriver-profile\extensions\webdriver-staging
1522498625350	addons.xpi	DEBUG	Existing add-on fxdriver@googlecode.com in app-profile
1522498625350	addons.xpi	INFO	Mapping activity-stream@mozilla.org to C:\Program Files (x86)\Mozilla Firefox\browser\features\activity-stream@mozilla.org.xpi
1522498625350	addons.xpi	INFO	Mapping aushelper@mozilla.org to C:\Program Files (x86)\Mozilla Firefox\browser\features\aushelper@mozilla.org.xpi
1522498625350	addons.xpi	INFO	Mapping firefox@getpocket.com to C:\Program Files (x86)\Mozilla Firefox\browser\features\firefox@getpocket.com.xpi
1522498625350	addons.xpi	INFO	Mapping followonsearch@mozilla.com to C:\Program Files (x86)\Mozilla Firefox\browser\features\followonsearch@mozilla.com.xpi
1522498625350	addons.xpi	INFO	Mapping formautofill@mozilla.org to C:\Program Files (x86)\Mozilla Firefox\browser\features\formautofill@mozilla.org.xpi
1522498625350	addons.xpi	INFO	Mapping onboarding@mozilla.org to C:\Program Files (x86)\Mozilla Firefox\browser\features\onboarding@mozilla.org.xpi
1522498625352	addons.xpi	INFO	Mapping screenshots@mozilla.org to C:\Program Files (x86)\Mozilla Firefox\browser\features\screenshots@mozilla.org.xpi
1522498625352	addons.xpi	INFO	Mapping shield-recipe-client@mozilla.org to C:\Program Files (x86)\Mozilla Firefox\browser\features\shield-recipe-client@mozilla.org.xpi
1522498625352	addons.xpi	INFO	Mapping webcompat@mozilla.org to C:\Program Files (x86)\Mozilla Firefox\browser\features\webcompat@mozilla.org.xpi
1522498625352	addons.xpi	DEBUG	Existing add-on activity-stream@mozilla.org in app-system-defaults
1522498625352	addons.xpi	DEBUG	Existing add-on aushelper@mozilla.org in app-system-defaults
1522498625352	addons.xpi	DEBUG	Existing add-on firefox@getpocket.com in app-system-defaults
1522498625354	addons.xpi	DEBUG	Existing add-on followonsearch@mozilla.com in app-system-defaults
1522498625354	addons.xpi	DEBUG	Existing add-on formautofill@mozilla.org in app-system-defaults
1522498625354	addons.xpi	DEBUG	Existing add-on onboarding@mozilla.org in app-system-defaults
1522498625354	addons.xpi	DEBUG	Existing add-on screenshots@mozilla.org in app-system-defaults
1522498625356	addons.xpi	DEBUG	Existing add-on shield-recipe-client@mozilla.org in app-system-defaults
1522498625356	addons.xpi	DEBUG	Existing add-on webcompat@mozilla.org in app-system-defaults
1522498625356	addons.xpi	INFO	Mapping {972ce4c6-7e08-4474-a285-3208198ce6fd} to C:\Program Files (x86)\Mozilla Firefox\browser\extensions\{972ce4c6-7e08-4474-a285-3208198ce6fd}.xpi
1522498625358	addons.xpi	DEBUG	Existing add-on {972ce4c6-7e08-4474-a285-3208198ce6fd} in app-global
1522498625358	addons.xpi	DEBUG	Existing add-on web2pdfextension.15@web2pdf.adobedotcom in winreg-app-global
1522498625358	addons.xpi	DEBUG	getInstallState changed: false, state: {}

Build info: version: &#039;2.53.1&#039;, revision: &#039;a36b8b1cd5757287168e54b817830adce9b0158d&#039;, time: &#039;2016-06-30 19:26:09&#039;
System info: host: &#039;IN-BLROCT10&#039;, ip: &#039;192.168.56.1&#039;, os.name: &#039;Windows 8.1&#039;, os.arch: &#039;amd64&#039;, os.version: &#039;6.3&#039;, java.version: &#039;1.8.0_161&#039;
Driver info: driver.version: FirefoxDriver">
      <![CDATA[org.openqa.selenium.WebDriverException: Failed to connect to binary FirefoxBinary(C:\Program Files (x86)\Mozilla Firefox\firefox.exe) on port 7055; process output follows: 
2498621632	addons.manager	DEBUG	Provider finished startup: LightweightThemeManager
1522498621634	addons.manager	DEBUG	Starting provider: GMPProvider
1522498621686	addons.manager	DEBUG	Registering shutdown blocker for GMPProvider
1522498621686	addons.manager	DEBUG	Provider finished startup: GMPProvider
1522498621688	addons.manager	DEBUG	Starting provider: PluginProvider
1522498621688	addons.manager	DEBUG	Registering shutdown blocker for PluginProvider
1522498621688	addons.manager	DEBUG	Provider finished startup: PluginProvider
1522498621690	addons.manager	DEBUG	Completed startup sequence
1522498624862	addons.repository	DEBUG	No addons.json found.
1522498624884	addons.manager	DEBUG	Starting provider: PreviousExperimentProvider
1522498624884	addons.manager	DEBUG	Registering shutdown blocker for PreviousExperimentProvider
1522498624884	addons.manager	DEBUG	Provider finished startup: PreviousExperimentProvider
1522498625350	addons.xpi	INFO	Mapping fxdriver@googlecode.com to C:\Users\KPMG\AppData\Local\Temp\anonymous8471627874046824258webdriver-profile\extensions\fxdriver@googlecode.com
1522498625350	addons.xpi	DEBUG	Ignoring file entry whose name is not a valid add-on ID: C:\Users\KPMG\AppData\Local\Temp\anonymous8471627874046824258webdriver-profile\extensions\webdriver-staging
1522498625350	addons.xpi	DEBUG	Existing add-on fxdriver@googlecode.com in app-profile
1522498625350	addons.xpi	INFO	Mapping activity-stream@mozilla.org to C:\Program Files (x86)\Mozilla Firefox\browser\features\activity-stream@mozilla.org.xpi
1522498625350	addons.xpi	INFO	Mapping aushelper@mozilla.org to C:\Program Files (x86)\Mozilla Firefox\browser\features\aushelper@mozilla.org.xpi
1522498625350	addons.xpi	INFO	Mapping firefox@getpocket.com to C:\Program Files (x86)\Mozilla Firefox\browser\features\firefox@getpocket.com.xpi
1522498625350	addons.xpi	INFO	Mapping followonsearch@mozilla.com to C:\Program Files (x86)\Mozilla Firefox\browser\features\followonsearch@mozilla.com.xpi
1522498625350	addons.xpi	INFO	Mapping formautofill@mozilla.org to C:\Program Files (x86)\Mozilla Firefox\browser\features\formautofill@mozilla.org.xpi
1522498625350	addons.xpi	INFO	Mapping onboarding@mozilla.org to C:\Program Files (x86)\Mozilla Firefox\browser\features\onboarding@mozilla.org.xpi
1522498625352	addons.xpi	INFO	Mapping screenshots@mozilla.org to C:\Program Files (x86)\Mozilla Firefox\browser\features\screenshots@mozilla.org.xpi
1522498625352	addons.xpi	INFO	Mapping shield-recipe-client@mozilla.org to C:\Program Files (x86)\Mozilla Firefox\browser\features\shield-recipe-client@mozilla.org.xpi
1522498625352	addons.xpi	INFO	Mapping webcompat@mozilla.org to C:\Program Files (x86)\Mozilla Firefox\browser\features\webcompat@mozilla.org.xpi
1522498625352	addons.xpi	DEBUG	Existing add-on activity-stream@mozilla.org in app-system-defaults
1522498625352	addons.xpi	DEBUG	Existing add-on aushelper@mozilla.org in app-system-defaults
1522498625352	addons.xpi	DEBUG	Existing add-on firefox@getpocket.com in app-system-defaults
1522498625354	addons.xpi	DEBUG	Existing add-on followonsearch@mozilla.com in app-system-defaults
1522498625354	addons.xpi	DEBUG	Existing add-on formautofill@mozilla.org in app-system-defaults
1522498625354	addons.xpi	DEBUG	Existing add-on onboarding@mozilla.org in app-system-defaults
1522498625354	addons.xpi	DEBUG	Existing add-on screenshots@mozilla.org in app-system-defaults
1522498625356	addons.xpi	DEBUG	Existing add-on shield-recipe-client@mozilla.org in app-system-defaults
1522498625356	addons.xpi	DEBUG	Existing add-on webcompat@mozilla.org in app-system-defaults
1522498625356	addons.xpi	INFO	Mapping {972ce4c6-7e08-4474-a285-3208198ce6fd} to C:\Program Files (x86)\Mozilla Firefox\browser\extensions\{972ce4c6-7e08-4474-a285-3208198ce6fd}.xpi
1522498625358	addons.xpi	DEBUG	Existing add-on {972ce4c6-7e08-4474-a285-3208198ce6fd} in app-global
1522498625358	addons.xpi	DEBUG	Existing add-on web2pdfextension.15@web2pdf.adobedotcom in winreg-app-global
1522498625358	addons.xpi	DEBUG	getInstallState changed: false, state: {}

Build info: version: '2.53.1', revision: 'a36b8b1cd5757287168e54b817830adce9b0158d', time: '2016-06-30 19:26:09'
System info: host: 'IN-BLROCT10', ip: '192.168.56.1', os.name: 'Windows 8.1', os.arch: 'amd64', os.version: '6.3', java.version: '1.8.0_161'
Driver info: driver.version: FirefoxDriver
	at org.openqa.selenium.firefox.internal.NewProfileExtensionConnection.start(NewProfileExtensionConnection.java:125)
	at org.openqa.selenium.firefox.FirefoxDriver.startClient(FirefoxDriver.java:271)
	at org.openqa.selenium.remote.RemoteWebDriver.<init>(RemoteWebDriver.java:119)
	at org.openqa.selenium.firefox.FirefoxDriver.<init>(FirefoxDriver.java:216)
	at org.openqa.selenium.firefox.FirefoxDriver.<init>(FirefoxDriver.java:211)
	at org.openqa.selenium.firefox.FirefoxDriver.<init>(FirefoxDriver.java:207)
	at org.openqa.selenium.firefox.FirefoxDriver.<init>(FirefoxDriver.java:120)
	at com.workshop.KPMG_Workshop.f(KPMG_Workshop.java:13)
	at sun.reflect.NativeMethodAccessorImpl.invoke0(Native Method)
	at sun.reflect.NativeMethodAccessorImpl.invoke(NativeMethodAccessorImpl.java:62)
	at sun.reflect.DelegatingMethodAccessorImpl.invoke(DelegatingMethodAccessorImpl.java:43)
	at java.lang.reflect.Method.invoke(Method.java:498)
	at org.testng.internal.MethodInvocationHelper.invokeMethod(MethodInvocationHelper.java:85)
	at org.testng.internal.Invoker.invokeMethod(Invoker.java:639)
	at org.testng.internal.Invoker.invokeTestMethod(Invoker.java:816)
	at org.testng.internal.Invoker.invokeTestMethods(Invoker.java:1124)
	at org.testng.internal.TestMethodWorker.invokeTestMethods(TestMethodWorker.java:125)
	at org.testng.internal.TestMethodWorker.run(TestMethodWorker.java:108)
	at org.testng.TestRunner.privateRun(TestRunner.java:774)
	at org.testng.TestRunner.run(TestRunner.java:624)
	at org.testng.SuiteRunner.runTest(SuiteRunner.java:359)
	at org.testng.SuiteRunner.runSequentially(SuiteRunner.java:354)
	at org.testng.SuiteRunner.privateRun(SuiteRunner.java:312)
	at org.testng.SuiteRunner.run(SuiteRunner.java:261)
	at org.testng.SuiteRunnerWorker.runSuite(SuiteRunnerWorker.java:52)
	at org.testng.SuiteRunnerWorker.run(SuiteRunnerWorker.java:86)
	at org.testng.TestNG.runSuitesSequentially(TestNG.java:1215)
	at org.testng.TestNG.runSuitesLocally(TestNG.java:1140)
	at org.testng.TestNG.run(TestNG.java:1048)
	at org.testng.remote.AbstractRemoteTestNG.run(AbstractRemoteTestNG.java:114)
	at org.testng.remote.RemoteTestNG.initAndRun(RemoteTestNG.java:251)
	at org.testng.remote.RemoteTestNG.main(RemoteTestNG.java:77)
Caused by: org.openqa.selenium.firefox.NotConnectedException: Unable to connect to host 127.0.0.1 on port 7055 after 45000 ms. Firefox console output:
2498621632	addons.manager	DEBUG	Provider finished startup: LightweightThemeManager
1522498621634	addons.manager	DEBUG	Starting provider: GMPProvider
1522498621686	addons.manager	DEBUG	Registering shutdown blocker for GMPProvider
1522498621686	addons.manager	DEBUG	Provider finished startup: GMPProvider
1522498621688	addons.manager	DEBUG	Starting provider: PluginProvider
1522498621688	addons.manager	DEBUG	Registering shutdown blocker for PluginProvider
1522498621688	addons.manager	DEBUG	Provider finished startup: PluginProvider
1522498621690	addons.manager	DEBUG	Completed startup sequence
1522498624862	addons.repository	DEBUG	No addons.json found.
1522498624884	addons.manager	DEBUG	Starting provider: PreviousExperimentProvider
1522498624884	addons.manager	DEBUG	Registering shutdown blocker for PreviousExperimentProvider
1522498624884	addons.manager	DEBUG	Provider finished startup: PreviousExperimentProvider
1522498625350	addons.xpi	INFO	Mapping fxdriver@googlecode.com to C:\Users\KPMG\AppData\Local\Temp\anonymous8471627874046824258webdriver-profile\extensions\fxdriver@googlecode.com
1522498625350	addons.xpi	DEBUG	Ignoring file entry whose name is not a valid add-on ID: C:\Users\KPMG\AppData\Local\Temp\anonymous8471627874046824258webdriver-profile\extensions\webdriver-staging
1522498625350	addons.xpi	DEBUG	Existing add-on fxdriver@googlecode.com in app-profile
1522498625350	addons.xpi	INFO	Mapping activity-stream@mozilla.org to C:\Program Files (x86)\Mozilla Firefox\browser\features\activity-stream@mozilla.org.xpi
1522498625350	addons.xpi	INFO	Mapping aushelper@mozilla.org to C:\Program Files (x86)\Mozilla Firefox\browser\features\aushelper@mozilla.org.xpi
1522498625350	addons.xpi	INFO	Mapping firefox@getpocket.com to C:\Program Files (x86)\Mozilla Firefox\browser\features\firefox@getpocket.com.xpi
1522498625350	addons.xpi	INFO	Mapping followonsearch@mozilla.com to C:\Program Files (x86)\Mozilla Firefox\browser\features\followonsearch@mozilla.com.xpi
1522498625350	addons.xpi	INFO	Mapping formautofill@mozilla.org to C:\Program Files (x86)\Mozilla Firefox\browser\features\formautofill@mozilla.org.xpi
1522498625350	addons.xpi	INFO	Mapping onboarding@mozilla.org to C:\Program Files (x86)\Mozilla Firefox\browser\features\onboarding@mozilla.org.xpi
1522498625352	addons.xpi	INFO	Mapping screenshots@mozilla.org to C:\Program Files (x86)\Mozilla Firefox\browser\features\screenshots@mozilla.org.xpi
1522498625352	addons.xpi	INFO	Mapping shield-recipe-client@mozilla.org to C:\Program Files (x86)\Mozilla Firefox\browser\features\shield-recipe-client@mozilla.org.xpi
1522498625352	addons.xpi	INFO	Mapping webcompat@mozilla.org to C:\Program Files (x86)\Mozilla Firefox\browser\features\webcompat@mozilla.org.xpi
1522498625352	addons.xpi	DEBUG	Existing add-on activity-stream@mozilla.org in app-system-defaults
1522498625352	addons.xpi	DEBUG	Existing add-on aushelper@mozilla.org in app-system-defaults
1522498625352	addons.xpi	DEBUG	Existing add-on firefox@getpocket.com in app-system-defaults
1522498625354	addons.xpi	DEBUG	Existing add-on followonsearch@mozilla.com in app-system-defaults
1522498625354	addons.xpi	DEBUG	Existing add-on formautofill@mozilla.org in app-system-defaults
1522498625354	addons.xpi	DEBUG	Existing add-on onboarding@mozilla.org in app-system-defaults
1522498625354	addons.xpi	DEBUG	Existing add-on screenshots@mozilla.org in app-system-defaults
1522498625356	addons.xpi	DEBUG	Existing add-on shield-recipe-client@mozilla.org in app-system-defaults
1522498625356	addons.xpi	DEBUG	Existing add-on webcompat@mozilla.org in app-system-defaults
1522498625356	addons.xpi	INFO	Mapping {972ce4c6-7e08-4474-a285-3208198ce6fd} to C:\Program Files (x86)\Mozilla Firefox\browser\extensions\{972ce4c6-7e08-4474-a285-3208198ce6fd}.xpi
1522498625358	addons.xpi	DEBUG	Existing add-on {972ce4c6-7e08-4474-a285-3208198ce6fd} in app-global
1522498625358	addons.xpi	DEBUG	Existing add-on web2pdfextension.15@web2pdf.adobedotcom in winreg-app-global
1522498625358	addons.xpi	DEBUG	getInstallState changed: false, state: {}

	at org.openqa.selenium.firefox.internal.NewProfileExtensionConnection.start(NewProfileExtensionConnection.java:113)
	... 31 more
]]>
    </error>
  </testcase> <!-- f -->
</testsuite> <!-- com.workshop.KPMG_Workshop -->
